[INFO  - 2019-08-22T08:02:20.009Z] GhostDriver - Main - running on port 37501
[INFO  - 2019-08-22T08:02:20.409Z] Session [2a941a50-c4b3-11e9-936b-efcb80ddea1c] - page.settings - {"XSSAuditingEnabled":false,"javascriptCanCloseWindows":true,"javascriptCanOpenWindows":true,"javascriptEnabled":true,"loadImages":true,"localToRemoteUrlAccessEnabled":false,"userAgent":"Mozilla/5.0 (Windows NT 6.2; WOW64) AppleWebKit/538.1 (KHTML, like Gecko) PhantomJS/2.1.1 Safari/538.1","webSecurityEnabled":true}
[INFO  - 2019-08-22T08:02:20.409Z] Session [2a941a50-c4b3-11e9-936b-efcb80ddea1c] - page.customHeaders:  - {}
[INFO  - 2019-08-22T08:02:20.409Z] Session [2a941a50-c4b3-11e9-936b-efcb80ddea1c] - Session.negotiatedCapabilities - {"browserName":"phantomjs","version":"2.1.1","driverName":"ghostdriver","driverVersion":"1.2.0","platform":"windows-10-32bit","javascriptEnabled":true,"takesScreenshot":true,"handlesAlerts":false,"databaseEnabled":false,"locationContextEnabled":false,"applicationCacheEnabled":false,"browserConnectionEnabled":false,"cssSelectorsEnabled":true,"webStorageEnabled":false,"rotatable":false,"acceptSslCerts":false,"nativeEvents":true,"proxy":{"proxyType":"direct"}}
[INFO  - 2019-08-22T08:02:20.409Z] SessionManagerReqHand - _postNewSessionCommand - New Session Created: 2a941a50-c4b3-11e9-936b-efcb80ddea1c
[INFO  - 2019-08-22T08:02:23.097Z] ShutdownReqHand - _handle - About to shutdown
[INFO  - 2019-08-22T08:03:11.211Z] GhostDriver - Main - running on port 23036
[INFO  - 2019-08-22T08:03:11.633Z] Session [491c6ae0-c4b3-11e9-95dc-471d456a36ef] - page.settings - {"XSSAuditingEnabled":false,"javascriptCanCloseWindows":true,"javascriptCanOpenWindows":true,"javascriptEnabled":true,"loadImages":true,"localToRemoteUrlAccessEnabled":false,"userAgent":"Mozilla/5.0 (Windows NT 6.2; WOW64) AppleWebKit/538.1 (KHTML, like Gecko) PhantomJS/2.1.1 Safari/538.1","webSecurityEnabled":true}
[INFO  - 2019-08-22T08:03:11.633Z] Session [491c6ae0-c4b3-11e9-95dc-471d456a36ef] - page.customHeaders:  - {}
[INFO  - 2019-08-22T08:03:11.633Z] Session [491c6ae0-c4b3-11e9-95dc-471d456a36ef] - Session.negotiatedCapabilities - {"browserName":"phantomjs","version":"2.1.1","driverName":"ghostdriver","driverVersion":"1.2.0","platform":"windows-10-32bit","javascriptEnabled":true,"takesScreenshot":true,"handlesAlerts":false,"databaseEnabled":false,"locationContextEnabled":false,"applicationCacheEnabled":false,"browserConnectionEnabled":false,"cssSelectorsEnabled":true,"webStorageEnabled":false,"rotatable":false,"acceptSslCerts":false,"nativeEvents":true,"proxy":{"proxyType":"direct"}}
[INFO  - 2019-08-22T08:03:11.633Z] SessionManagerReqHand - _postNewSessionCommand - New Session Created: 491c6ae0-c4b3-11e9-95dc-471d456a36ef
[INFO  - 2019-08-22T08:04:44.678Z] GhostDriver - Main - running on port 35406
[INFO  - 2019-08-22T08:04:45.103Z] Session [80d2cec0-c4b3-11e9-9e56-a776ac564c23] - page.settings - {"XSSAuditingEnabled":false,"javascriptCanCloseWindows":true,"javascriptCanOpenWindows":true,"javascriptEnabled":true,"loadImages":true,"localToRemoteUrlAccessEnabled":false,"userAgent":"Mozilla/5.0 (Windows NT 6.2; WOW64) AppleWebKit/538.1 (KHTML, like Gecko) PhantomJS/2.1.1 Safari/538.1","webSecurityEnabled":true}
[INFO  - 2019-08-22T08:04:45.103Z] Session [80d2cec0-c4b3-11e9-9e56-a776ac564c23] - page.customHeaders:  - {}
[INFO  - 2019-08-22T08:04:45.103Z] Session [80d2cec0-c4b3-11e9-9e56-a776ac564c23] - Session.negotiatedCapabilities - {"browserName":"phantomjs","version":"2.1.1","driverName":"ghostdriver","driverVersion":"1.2.0","platform":"windows-10-32bit","javascriptEnabled":true,"takesScreenshot":true,"handlesAlerts":false,"databaseEnabled":false,"locationContextEnabled":false,"applicationCacheEnabled":false,"browserConnectionEnabled":false,"cssSelectorsEnabled":true,"webStorageEnabled":false,"rotatable":false,"acceptSslCerts":false,"nativeEvents":true,"proxy":{"proxyType":"direct"}}
[INFO  - 2019-08-22T08:04:45.103Z] SessionManagerReqHand - _postNewSessionCommand - New Session Created: 80d2cec0-c4b3-11e9-9e56-a776ac564c23
[INFO  - 2019-08-22T08:07:55.943Z] GhostDriver - Main - running on port 30024
[INFO  - 2019-08-22T08:07:56.347Z] Session [f2d05380-c4b3-11e9-bed3-dbec01025b5d] - page.settings - {"XSSAuditingEnabled":false,"javascriptCanCloseWindows":true,"javascriptCanOpenWindows":true,"javascriptEnabled":true,"loadImages":true,"localToRemoteUrlAccessEnabled":false,"userAgent":"Mozilla/5.0 (Windows NT 6.2; WOW64) AppleWebKit/538.1 (KHTML, like Gecko) PhantomJS/2.1.1 Safari/538.1","webSecurityEnabled":true}
[INFO  - 2019-08-22T08:07:56.347Z] Session [f2d05380-c4b3-11e9-bed3-dbec01025b5d] - page.customHeaders:  - {}
[INFO  - 2019-08-22T08:07:56.347Z] Session [f2d05380-c4b3-11e9-bed3-dbec01025b5d] - Session.negotiatedCapabilities - {"browserName":"phantomjs","version":"2.1.1","driverName":"ghostdriver","driverVersion":"1.2.0","platform":"windows-10-32bit","javascriptEnabled":true,"takesScreenshot":true,"handlesAlerts":false,"databaseEnabled":false,"locationContextEnabled":false,"applicationCacheEnabled":false,"browserConnectionEnabled":false,"cssSelectorsEnabled":true,"webStorageEnabled":false,"rotatable":false,"acceptSslCerts":false,"nativeEvents":true,"proxy":{"proxyType":"direct"}}
[INFO  - 2019-08-22T08:07:56.347Z] SessionManagerReqHand - _postNewSessionCommand - New Session Created: f2d05380-c4b3-11e9-bed3-dbec01025b5d
[INFO  - 2019-08-22T08:12:55.941Z] SessionManagerReqHand - _cleanupWindowlessSessions - Asynchronous Sessions clean-up phase starting NOW
[INFO  - 2019-08-22T08:14:35.007Z] GhostDriver - Main - running on port 25600
[INFO  - 2019-08-22T08:14:35.410Z] Session [e0ac81f0-c4b4-11e9-a6b7-d1f9c32e829f] - page.settings - {"XSSAuditingEnabled":false,"javascriptCanCloseWindows":true,"javascriptCanOpenWindows":true,"javascriptEnabled":true,"loadImages":true,"localToRemoteUrlAccessEnabled":false,"userAgent":"Mozilla/5.0 (Windows NT 6.2; WOW64) AppleWebKit/538.1 (KHTML, like Gecko) PhantomJS/2.1.1 Safari/538.1","webSecurityEnabled":true}
[INFO  - 2019-08-22T08:14:35.410Z] Session [e0ac81f0-c4b4-11e9-a6b7-d1f9c32e829f] - page.customHeaders:  - {}
[INFO  - 2019-08-22T08:14:35.410Z] Session [e0ac81f0-c4b4-11e9-a6b7-d1f9c32e829f] - Session.negotiatedCapabilities - {"browserName":"phantomjs","version":"2.1.1","driverName":"ghostdriver","driverVersion":"1.2.0","platform":"windows-10-32bit","javascriptEnabled":true,"takesScreenshot":true,"handlesAlerts":false,"databaseEnabled":false,"locationContextEnabled":false,"applicationCacheEnabled":false,"browserConnectionEnabled":false,"cssSelectorsEnabled":true,"webStorageEnabled":false,"rotatable":false,"acceptSslCerts":false,"nativeEvents":true,"proxy":{"proxyType":"direct"}}
[INFO  - 2019-08-22T08:14:35.410Z] SessionManagerReqHand - _postNewSessionCommand - New Session Created: e0ac81f0-c4b4-11e9-a6b7-d1f9c32e829f
[INFO  - 2019-08-22T08:15:34.654Z] GhostDriver - Main - running on port 24309
[INFO  - 2019-08-22T08:15:35.034Z] Session [04366870-c4b5-11e9-b715-2d2ebca93934] - page.settings - {"XSSAuditingEnabled":false,"javascriptCanCloseWindows":true,"javascriptCanOpenWindows":true,"javascriptEnabled":true,"loadImages":true,"localToRemoteUrlAccessEnabled":false,"userAgent":"Mozilla/5.0 (Windows NT 6.2; WOW64) AppleWebKit/538.1 (KHTML, like Gecko) PhantomJS/2.1.1 Safari/538.1","webSecurityEnabled":true}
[INFO  - 2019-08-22T08:15:35.034Z] Session [04366870-c4b5-11e9-b715-2d2ebca93934] - page.customHeaders:  - {}
[INFO  - 2019-08-22T08:15:35.034Z] Session [04366870-c4b5-11e9-b715-2d2ebca93934] - Session.negotiatedCapabilities - {"browserName":"phantomjs","version":"2.1.1","driverName":"ghostdriver","driverVersion":"1.2.0","platform":"windows-10-32bit","javascriptEnabled":true,"takesScreenshot":true,"handlesAlerts":false,"databaseEnabled":false,"locationContextEnabled":false,"applicationCacheEnabled":false,"browserConnectionEnabled":false,"cssSelectorsEnabled":true,"webStorageEnabled":false,"rotatable":false,"acceptSslCerts":false,"nativeEvents":true,"proxy":{"proxyType":"direct"}}
[INFO  - 2019-08-22T08:15:35.035Z] SessionManagerReqHand - _postNewSessionCommand - New Session Created: 04366870-c4b5-11e9-b715-2d2ebca93934
[INFO  - 2019-08-22T08:17:45.320Z] GhostDriver - Main - running on port 10268
[INFO  - 2019-08-22T08:17:45.756Z] Session [52210090-c4b5-11e9-aa4c-b5d2715d7592] - page.settings - {"XSSAuditingEnabled":false,"javascriptCanCloseWindows":true,"javascriptCanOpenWindows":true,"javascriptEnabled":true,"loadImages":true,"localToRemoteUrlAccessEnabled":false,"userAgent":"Mozilla/5.0 (Windows NT 6.2; WOW64) AppleWebKit/538.1 (KHTML, like Gecko) PhantomJS/2.1.1 Safari/538.1","webSecurityEnabled":true}
[INFO  - 2019-08-22T08:17:45.757Z] Session [52210090-c4b5-11e9-aa4c-b5d2715d7592] - page.customHeaders:  - {}
[INFO  - 2019-08-22T08:17:45.757Z] Session [52210090-c4b5-11e9-aa4c-b5d2715d7592] - Session.negotiatedCapabilities - {"browserName":"phantomjs","version":"2.1.1","driverName":"ghostdriver","driverVersion":"1.2.0","platform":"windows-10-32bit","javascriptEnabled":true,"takesScreenshot":true,"handlesAlerts":false,"databaseEnabled":false,"locationContextEnabled":false,"applicationCacheEnabled":false,"browserConnectionEnabled":false,"cssSelectorsEnabled":true,"webStorageEnabled":false,"rotatable":false,"acceptSslCerts":false,"nativeEvents":true,"proxy":{"proxyType":"direct"}}
[INFO  - 2019-08-22T08:17:45.757Z] SessionManagerReqHand - _postNewSessionCommand - New Session Created: 52210090-c4b5-11e9-aa4c-b5d2715d7592
